INFO 2025-07-01 09:17:37,787 autoreload Watching for file changes with StatReloader
INFO 2025-07-01 09:25:43,777 autoreload /Users/tusharpandole/goodforgood/backend/reports/tasks.py changed, reloading.
INFO 2025-07-01 09:25:44,246 autoreload Watching for file changes with StatReloader
INFO 2025-07-01 09:26:51,082 autoreload /Users/tusharpandole/goodforgood/backend/goodforgood/settings.py changed, reloading.
INFO 2025-07-01 09:26:51,457 autoreload Watching for file changes with StatReloader
INFO 2025-07-01 09:27:23,400 autoreload /Users/tusharpandole/goodforgood/backend/goodforgood/settings.py changed, reloading.
INFO 2025-07-01 09:27:23,738 autoreload 55091 8451285120 Watching for file changes with StatReloader
INFO 2025-07-01 09:27:36,190 autoreload 55091 8451285120 /Users/tusharpandole/goodforgood/backend/reports/tasks.py changed, reloading.
INFO 2025-07-01 09:27:36,584 autoreload 55107 8451285120 Watching for file changes with StatReloader
INFO 2025-07-01 09:28:12,941 autoreload 55268 8451285120 Watching for file changes with StatReloader
DEBUG 2025-07-01 09:28:28,984 functional 55426 8451285120 
def xstarmap(task, it):
    return 1

DEBUG 2025-07-01 09:28:28,984 functional 55426 8451285120 
def chord(self, header, body, partial_args=0, interval=1, countdown=2, max_retries=3, eager=4, **kwargs):
    return 1

DEBUG 2025-07-01 09:28:28,984 functional 55426 8451285120 
def accumulate(self, *args, **kwargs):
    return 1

DEBUG 2025-07-01 09:28:28,984 functional 55426 8451285120 
def chunks(task, it, n):
    return 1

DEBUG 2025-07-01 09:28:28,984 functional 55426 8451285120 
def process_csv_upload(file_path, job_id):
    return 1

DEBUG 2025-07-01 09:28:28,984 functional 55426 8451285120 
def unlock_chord(self, group_id, callback, interval=0, max_retries=1, result=2, Result=3, GroupResult=4, result_from_tuple=5, **kwargs):
    return 1

DEBUG 2025-07-01 09:28:28,985 functional 55426 8451285120 
def group(self, tasks, result, group_id, partial_args, add_to_parent=0):
    return 1

DEBUG 2025-07-01 09:28:28,985 functional 55426 8451285120 
def xmap(task, it):
    return 1

DEBUG 2025-07-01 09:28:28,985 functional 55426 8451285120 
def chain(*args, **kwargs):
    return 1

DEBUG 2025-07-01 09:28:28,985 functional 55426 8451285120 
def backend_cleanup():
    return 1

INFO 2025-07-01 09:40:11,025 autoreload 55268 8451285120 /Users/tusharpandole/goodforgood/backend/goodforgood/celery.py changed, reloading.
INFO 2025-07-01 09:40:11,498 autoreload 57368 8451285120 Watching for file changes with StatReloader
INFO 2025-07-01 09:40:16,804 autoreload 57368 8451285120 /Users/tusharpandole/goodforgood/backend/goodforgood/celery.py changed, reloading.
INFO 2025-07-01 09:40:17,264 autoreload 57385 8451285120 Watching for file changes with StatReloader
INFO 2025-07-01 09:40:58,652 autoreload 57385 8451285120 /Users/tusharpandole/goodforgood/backend/goodforgood/settings.py changed, reloading.
INFO 2025-07-01 09:40:59,144 autoreload 57438 8451285120 Watching for file changes with StatReloader
INFO 2025-07-01 09:41:18,776 autoreload 57438 8451285120 /Users/tusharpandole/goodforgood/backend/goodforgood/settings.py changed, reloading.
INFO 2025-07-01 09:41:19,113 autoreload 57453 8451285120 Watching for file changes with StatReloader
INFO 2025-07-01 09:41:20,337 autoreload 57453 8451285120 /Users/tusharpandole/goodforgood/backend/goodforgood/settings.py changed, reloading.
INFO 2025-07-01 09:41:20,574 autoreload 57465 8451285120 Watching for file changes with StatReloader
INFO 2025-07-01 09:41:59,763 autoreload 57465 8451285120 /Users/tusharpandole/goodforgood/backend/reports/tasks.py changed, reloading.
INFO 2025-07-01 09:42:00,160 autoreload 57488 8451285120 Watching for file changes with StatReloader
INFO 2025-07-01 09:42:27,691 autoreload 57644 8451285120 Watching for file changes with StatReloader
INFO 2025-07-01 09:42:30,938 autoreload 57644 8451285120 /Users/tusharpandole/goodforgood/backend/reports/tasks.py changed, reloading.
INFO 2025-07-01 09:42:31,220 autoreload 57658 8451285120 Watching for file changes with StatReloader
INFO 2025-07-01 09:42:54,948 autoreload 57658 8451285120 /Users/tusharpandole/goodforgood/backend/goodforgood/settings.py changed, reloading.
INFO 2025-07-01 09:42:55,320 autoreload 57678 8451285120 Watching for file changes with StatReloader
INFO 2025-07-01 09:43:11,891 autoreload 57678 8451285120 /Users/tusharpandole/goodforgood/backend/goodforgood/celery.py changed, reloading.
INFO 2025-07-01 09:43:12,232 autoreload 57694 8451285120 Watching for file changes with StatReloader
INFO 2025-07-01 09:43:26,769 autoreload 57694 8451285120 /Users/tusharpandole/goodforgood/backend/reports/tasks.py changed, reloading.
INFO 2025-07-01 09:43:27,126 autoreload 57714 8451285120 Watching for file changes with StatReloader
DEBUG 2025-07-01 09:43:46,445 functional 57997 8451285120 
def xstarmap(task, it):
    return 1

DEBUG 2025-07-01 09:43:46,445 functional 57997 8451285120 
def chord(self, header, body, partial_args=0, interval=1, countdown=2, max_retries=3, eager=4, **kwargs):
    return 1

DEBUG 2025-07-01 09:43:46,446 functional 57997 8451285120 
def accumulate(self, *args, **kwargs):
    return 1

DEBUG 2025-07-01 09:43:46,446 functional 57997 8451285120 
def chunks(task, it, n):
    return 1

DEBUG 2025-07-01 09:43:46,446 functional 57997 8451285120 
def process_csv_upload(file_path, job_id):
    return 1

DEBUG 2025-07-01 09:43:46,446 functional 57997 8451285120 
def unlock_chord(self, group_id, callback, interval=0, max_retries=1, result=2, Result=3, GroupResult=4, result_from_tuple=5, **kwargs):
    return 1

DEBUG 2025-07-01 09:43:46,446 functional 57997 8451285120 
def group(self, tasks, result, group_id, partial_args, add_to_parent=0):
    return 1

DEBUG 2025-07-01 09:43:46,446 functional 57997 8451285120 
def xmap(task, it):
    return 1

DEBUG 2025-07-01 09:43:46,446 functional 57997 8451285120 
def chain(*args, **kwargs):
    return 1

DEBUG 2025-07-01 09:43:46,447 functional 57997 8451285120 
def backend_cleanup():
    return 1

INFO 2025-07-01 09:44:19,841 tasks 58007 8451285120 Starting CSV processing for job_id: febea148-a969-43ab-a257-76cf4b64e470, file_path: /var/folders/q_/_ft01c313rq_kd43sq7v7fk40000gn/T/tmp9pmkrhlz.csv
INFO 2025-07-01 09:44:19,843 tasks 58007 8451285120 Total rows to process (excluding header): 3
DEBUG 2025-07-01 09:44:19,843 tasks 58007 8451285120 Processing row 1: {'ngo_id': 'NGO13475', 'month': '2025-01', 'people_helped': '100', 'events_conducted': '5', 'funds_utilized': '50000.00'}
DEBUG 2025-07-01 09:44:19,890 tasks 58007 8451285120 Job febea148-a969-43ab-a257-76cf4b64e470: Row 1 saved successfully
DEBUG 2025-07-01 09:44:19,891 tasks 58007 8451285120 Processing row 2: {'ngo_id': 'NGO43706', 'month': '2025-01', 'people_helped': '200', 'events_conducted': '10', 'funds_utilized': '100000.00'}
DEBUG 2025-07-01 09:44:19,893 tasks 58007 8451285120 Job febea148-a969-43ab-a257-76cf4b64e470: Row 2 saved successfully
DEBUG 2025-07-01 09:44:19,893 tasks 58007 8451285120 Processing row 3: {'ngo_id': 'NGO43807', 'month': '2025-01', 'people_helped': '200', 'events_conducted': '10', 'funds_utilized': '100000.00'}
DEBUG 2025-07-01 09:44:19,895 tasks 58007 8451285120 Job febea148-a969-43ab-a257-76cf4b64e470: Row 3 saved successfully
INFO 2025-07-01 09:44:19,895 tasks 58007 8451285120 Temporary file /var/folders/q_/_ft01c313rq_kd43sq7v7fk40000gn/T/tmp9pmkrhlz.csv deleted
INFO 2025-07-01 09:44:19,896 tasks 58007 8451285120 Completed CSV processing for job_id: febea148-a969-43ab-a257-76cf4b64e470, status: completed, processed: 3/3, errors: []
INFO 2025-07-01 23:29:36,480 autoreload 57714 8451285120 /Users/tusharpandole/goodforgood/backend/reports/tasks.py changed, reloading.
INFO 2025-07-01 23:29:36,945 autoreload 58906 8451285120 Watching for file changes with StatReloader
INFO 2025-07-01 23:31:28,083 autoreload 59681 8451285120 Watching for file changes with StatReloader
DEBUG 2025-07-01 23:31:43,288 functional 59843 8451285120 
def xstarmap(task, it):
    return 1

DEBUG 2025-07-01 23:31:43,288 functional 59843 8451285120 
def chord(self, header, body, partial_args=0, interval=1, countdown=2, max_retries=3, eager=4, **kwargs):
    return 1

DEBUG 2025-07-01 23:31:43,288 functional 59843 8451285120 
def accumulate(self, *args, **kwargs):
    return 1

DEBUG 2025-07-01 23:31:43,289 functional 59843 8451285120 
def chunks(task, it, n):
    return 1

DEBUG 2025-07-01 23:31:43,289 functional 59843 8451285120 
def unlock_chord(self, group_id, callback, interval=0, max_retries=1, result=2, Result=3, GroupResult=4, result_from_tuple=5, **kwargs):
    return 1

DEBUG 2025-07-01 23:31:43,289 functional 59843 8451285120 
def group(self, tasks, result, group_id, partial_args, add_to_parent=0):
    return 1

DEBUG 2025-07-01 23:31:43,289 functional 59843 8451285120 
def process_csv_upload(file_path, job_id):
    return 1

DEBUG 2025-07-01 23:31:43,289 functional 59843 8451285120 
def xmap(task, it):
    return 1

DEBUG 2025-07-01 23:31:43,289 functional 59843 8451285120 
def chain(*args, **kwargs):
    return 1

DEBUG 2025-07-01 23:31:43,289 functional 59843 8451285120 
def backend_cleanup():
    return 1

INFO 2025-07-01 23:32:16,100 tasks 59855 8451285120 Starting CSV processing for job_id: 7fd4a1e7-5a31-4e30-bb83-7614c3d671bc, file_path: /var/folders/q_/_ft01c313rq_kd43sq7v7fk40000gn/T/tmppry4k4_m.csv
DEBUG 2025-07-01 23:32:16,101 tasks 59855 8451285120 Cache updated for job_id 7fd4a1e7-5a31-4e30-bb83-7614c3d671bc: processing, 0/0
INFO 2025-07-01 23:32:16,102 tasks 59855 8451285120 Total rows to process (excluding header): 2
DEBUG 2025-07-01 23:32:16,102 tasks 59855 8451285120 Cache updated for job_id 7fd4a1e7-5a31-4e30-bb83-7614c3d671bc: processing, 0/2
DEBUG 2025-07-01 23:32:16,102 tasks 59855 8451285120 Processing row 1: {'ngo_id': 'NGO34834', 'month': '2025-03', 'people_helped': '150', 'events_conducted': '6', 'funds_utilized': '60000.00'}
ERROR 2025-07-01 23:32:16,158 tasks 59855 8451285120 Job 7fd4a1e7-5a31-4e30-bb83-7614c3d671bc: Row 1 failed - {'non_field_errors': [ErrorDetail(string='The fields ngo_id, month must make a unique set.', code='unique')]}
DEBUG 2025-07-01 23:32:16,158 tasks 59855 8451285120 Cache updated for job_id 7fd4a1e7-5a31-4e30-bb83-7614c3d671bc: processing, 0/2
DEBUG 2025-07-01 23:32:16,158 tasks 59855 8451285120 Processing row 2: {'ngo_id': 'NGO3438', 'month': '2025-03', 'people_helped': '250', 'events_conducted': '12', 'funds_utilized': '120000.00'}
ERROR 2025-07-01 23:32:16,160 tasks 59855 8451285120 Job 7fd4a1e7-5a31-4e30-bb83-7614c3d671bc: Row 2 failed - {'non_field_errors': [ErrorDetail(string='The fields ngo_id, month must make a unique set.', code='unique')]}
DEBUG 2025-07-01 23:32:16,161 tasks 59855 8451285120 Cache updated for job_id 7fd4a1e7-5a31-4e30-bb83-7614c3d671bc: processing, 0/2
INFO 2025-07-01 23:32:16,161 tasks 59855 8451285120 Temporary file /var/folders/q_/_ft01c313rq_kd43sq7v7fk40000gn/T/tmppry4k4_m.csv deleted
DEBUG 2025-07-01 23:32:16,161 tasks 59855 8451285120 Cache updated for job_id 7fd4a1e7-5a31-4e30-bb83-7614c3d671bc: failed, 0/2
INFO 2025-07-01 23:32:16,162 tasks 59855 8451285120 Completed CSV processing for job_id: 7fd4a1e7-5a31-4e30-bb83-7614c3d671bc, status: failed, processed: 0/2, errors: ["Row 1: {'non_field_errors': [ErrorDetail(string='The fields ngo_id, month must make a unique set.', code='unique')]}", "Row 2: {'non_field_errors': [ErrorDetail(string='The fields ngo_id, month must make a unique set.', code='unique')]}"]
INFO 2025-07-01 23:39:57,091 autoreload 59681 8451285120 /Users/tusharpandole/goodforgood/backend/reports/views.py changed, reloading.
INFO 2025-07-01 23:39:57,508 autoreload 61369 8451285120 Watching for file changes with StatReloader
INFO 2025-07-01 23:40:28,347 autoreload 61369 8451285120 /Users/tusharpandole/goodforgood/backend/goodforgood/settings.py changed, reloading.
INFO 2025-07-01 23:40:28,752 autoreload 61402 8451285120 Watching for file changes with StatReloader
INFO 2025-07-01 23:40:44,233 autoreload 61402 8451285120 /Users/tusharpandole/goodforgood/backend/goodforgood/settings.py changed, reloading.
INFO 2025-07-01 23:40:44,626 autoreload 61430 8451285120 Watching for file changes with StatReloader
ERROR 2025-07-01 23:41:16,863 signal 61696 8451285120 Signal handler <bound method DjangoFixup.on_import_modules of <celery.fixups.django.DjangoFixup object at 0x102037d00>> raised: ImportError("cannot import name 'ReportView' from 'reports.views' (/Users/tusharpandole/goodforgood/backend/reports/views.py)")
Traceback (most recent call last):
  File "/Users/tusharpandole/goodforgood/backend/venv/lib/python3.8/site-packages/celery/utils/dispatch/signal.py", line 276, in send
    response = receiver(signal=self, sender=sender, **named)
  File "/Users/tusharpandole/goodforgood/backend/venv/lib/python3.8/site-packages/celery/fixups/django.py", line 97, in on_import_modules
    self.worker_fixup.validate_models()
  File "/Users/tusharpandole/goodforgood/backend/venv/lib/python3.8/site-packages/celery/fixups/django.py", line 137, in validate_models
    run_checks()
  File "/Users/tusharpandole/goodforgood/backend/venv/lib/python3.8/site-packages/django/core/checks/registry.py", line 88, in run_checks
    new_errors = check(app_configs=app_configs, databases=databases)
  File "/Users/tusharpandole/goodforgood/backend/venv/lib/python3.8/site-packages/django/core/checks/urls.py", line 14, in check_url_config
    return check_resolver(resolver)
  File "/Users/tusharpandole/goodforgood/backend/venv/lib/python3.8/site-packages/django/core/checks/urls.py", line 24, in check_resolver
    return check_method()
  File "/Users/tusharpandole/goodforgood/backend/venv/lib/python3.8/site-packages/django/urls/resolvers.py", line 494, in check
    for pattern in self.url_patterns:
  File "/Users/tusharpandole/goodforgood/backend/venv/lib/python3.8/site-packages/django/utils/functional.py", line 57, in __get__
    res = instance.__dict__[self.name] = self.func(instance)
  File "/Users/tusharpandole/goodforgood/backend/venv/lib/python3.8/site-packages/django/urls/resolvers.py", line 715, in url_patterns
    patterns = getattr(self.urlconf_module, "urlpatterns", self.urlconf_module)
  File "/Users/tusharpandole/goodforgood/backend/venv/lib/python3.8/site-packages/django/utils/functional.py", line 57, in __get__
    res = instance.__dict__[self.name] = self.func(instance)
  File "/Users/tusharpandole/goodforgood/backend/venv/lib/python3.8/site-packages/django/urls/resolvers.py", line 708, in urlconf_module
    return import_module(self.urlconf_name)
  File "/Users/tusharpandole/.pyenv/versions/3.8.17/lib/python3.8/importlib/__init__.py", line 127, in import_module
    return _bootstrap._gcd_import(name[level:], package, level)
  File "<frozen importlib._bootstrap>", line 1014, in _gcd_import
  File "<frozen importlib._bootstrap>", line 991, in _find_and_load
  File "<frozen importlib._bootstrap>", line 975, in _find_and_load_unlocked
  File "<frozen importlib._bootstrap>", line 671, in _load_unlocked
  File "<frozen importlib._bootstrap_external>", line 843, in exec_module
  File "<frozen importlib._bootstrap>", line 219, in _call_with_frames_removed
  File "/Users/tusharpandole/goodforgood/backend/goodforgood/urls.py", line 21, in <module>
    path('', include('reports.urls')),
  File "/Users/tusharpandole/goodforgood/backend/venv/lib/python3.8/site-packages/django/urls/conf.py", line 38, in include
    urlconf_module = import_module(urlconf_module)
  File "/Users/tusharpandole/.pyenv/versions/3.8.17/lib/python3.8/importlib/__init__.py", line 127, in import_module
    return _bootstrap._gcd_import(name[level:], package, level)
  File "<frozen importlib._bootstrap>", line 1014, in _gcd_import
  File "<frozen importlib._bootstrap>", line 991, in _find_and_load
  File "<frozen importlib._bootstrap>", line 975, in _find_and_load_unlocked
  File "<frozen importlib._bootstrap>", line 671, in _load_unlocked
  File "<frozen importlib._bootstrap_external>", line 843, in exec_module
  File "<frozen importlib._bootstrap>", line 219, in _call_with_frames_removed
  File "/Users/tusharpandole/goodforgood/backend/reports/urls.py", line 2, in <module>
    from .views import ReportView, ReportUploadView, JobStatusView, DashboardView
ImportError: cannot import name 'ReportView' from 'reports.views' (/Users/tusharpandole/goodforgood/backend/reports/views.py)
INFO 2025-07-01 23:46:24,081 autoreload 61430 8451285120 /Users/tusharpandole/goodforgood/backend/reports/views.py changed, reloading.
INFO 2025-07-01 23:46:24,476 autoreload 61772 8451285120 Watching for file changes with StatReloader
DEBUG 2025-07-01 23:46:36,904 functional 61834 8451285120 
def xstarmap(task, it):
    return 1

DEBUG 2025-07-01 23:46:36,905 functional 61834 8451285120 
def chord(self, header, body, partial_args=0, interval=1, countdown=2, max_retries=3, eager=4, **kwargs):
    return 1

DEBUG 2025-07-01 23:46:36,905 functional 61834 8451285120 
def accumulate(self, *args, **kwargs):
    return 1

DEBUG 2025-07-01 23:46:36,905 functional 61834 8451285120 
def chunks(task, it, n):
    return 1

DEBUG 2025-07-01 23:46:36,905 functional 61834 8451285120 
def unlock_chord(self, group_id, callback, interval=0, max_retries=1, result=2, Result=3, GroupResult=4, result_from_tuple=5, **kwargs):
    return 1

DEBUG 2025-07-01 23:46:36,905 functional 61834 8451285120 
def group(self, tasks, result, group_id, partial_args, add_to_parent=0):
    return 1

DEBUG 2025-07-01 23:46:36,905 functional 61834 8451285120 
def process_csv_upload(file_path, job_id):
    return 1

DEBUG 2025-07-01 23:46:36,905 functional 61834 8451285120 
def xmap(task, it):
    return 1

DEBUG 2025-07-01 23:46:36,906 functional 61834 8451285120 
def chain(*args, **kwargs):
    return 1

DEBUG 2025-07-01 23:46:36,906 functional 61834 8451285120 
def backend_cleanup():
    return 1

INFO 2025-07-01 23:46:48,521 autoreload 61931 8451285120 Watching for file changes with StatReloader
INFO 2025-07-01 23:47:07,281 tasks 61844 8451285120 Starting CSV processing for job_id: 20b9f7f0-cc6a-4a94-abfa-e94a1a11d4ca, file_path: /var/folders/q_/_ft01c313rq_kd43sq7v7fk40000gn/T/tmp7vgebhig.csv
DEBUG 2025-07-01 23:47:07,282 tasks 61844 8451285120 Cache updated for job_id 20b9f7f0-cc6a-4a94-abfa-e94a1a11d4ca: processing, 0/0
INFO 2025-07-01 23:47:07,283 tasks 61844 8451285120 Total rows to process (excluding header): 3
DEBUG 2025-07-01 23:47:07,283 tasks 61844 8451285120 Cache updated for job_id 20b9f7f0-cc6a-4a94-abfa-e94a1a11d4ca: processing, 0/3
DEBUG 2025-07-01 23:47:07,283 tasks 61844 8451285120 Processing row 1: {'ngo_id': 'NGO13475', 'month': '2025-01', 'people_helped': '100', 'events_conducted': '5', 'funds_utilized': '50000.00'}
ERROR 2025-07-01 23:47:07,348 tasks 61844 8451285120 Job 20b9f7f0-cc6a-4a94-abfa-e94a1a11d4ca: Row 1 failed - {'non_field_errors': [ErrorDetail(string='The fields ngo_id, month must make a unique set.', code='unique')]}
DEBUG 2025-07-01 23:47:07,348 tasks 61844 8451285120 Cache updated for job_id 20b9f7f0-cc6a-4a94-abfa-e94a1a11d4ca: processing, 0/3
DEBUG 2025-07-01 23:47:07,349 tasks 61844 8451285120 Processing row 2: {'ngo_id': 'NGO43706', 'month': '2025-01', 'people_helped': '200', 'events_conducted': '10', 'funds_utilized': '100000.00'}
ERROR 2025-07-01 23:47:07,350 tasks 61844 8451285120 Job 20b9f7f0-cc6a-4a94-abfa-e94a1a11d4ca: Row 2 failed - {'non_field_errors': [ErrorDetail(string='The fields ngo_id, month must make a unique set.', code='unique')]}
DEBUG 2025-07-01 23:47:07,351 tasks 61844 8451285120 Cache updated for job_id 20b9f7f0-cc6a-4a94-abfa-e94a1a11d4ca: processing, 0/3
DEBUG 2025-07-01 23:47:07,351 tasks 61844 8451285120 Processing row 3: {'ngo_id': 'NGO43807', 'month': '2025-01', 'people_helped': '200', 'events_conducted': '10', 'funds_utilized': '100000.00'}
ERROR 2025-07-01 23:47:07,352 tasks 61844 8451285120 Job 20b9f7f0-cc6a-4a94-abfa-e94a1a11d4ca: Row 3 failed - {'non_field_errors': [ErrorDetail(string='The fields ngo_id, month must make a unique set.', code='unique')]}
DEBUG 2025-07-01 23:47:07,353 tasks 61844 8451285120 Cache updated for job_id 20b9f7f0-cc6a-4a94-abfa-e94a1a11d4ca: processing, 0/3
INFO 2025-07-01 23:47:07,353 tasks 61844 8451285120 Temporary file /var/folders/q_/_ft01c313rq_kd43sq7v7fk40000gn/T/tmp7vgebhig.csv deleted
DEBUG 2025-07-01 23:47:07,354 tasks 61844 8451285120 Cache updated for job_id 20b9f7f0-cc6a-4a94-abfa-e94a1a11d4ca: failed, 0/3
INFO 2025-07-01 23:47:07,354 tasks 61844 8451285120 Completed CSV processing for job_id: 20b9f7f0-cc6a-4a94-abfa-e94a1a11d4ca, status: failed, processed: 0/3, errors: ["Row 1: {'non_field_errors': [ErrorDetail(string='The fields ngo_id, month must make a unique set.', code='unique')]}", "Row 2: {'non_field_errors': [ErrorDetail(string='The fields ngo_id, month must make a unique set.', code='unique')]}", "Row 3: {'non_field_errors': [ErrorDetail(string='The fields ngo_id, month must make a unique set.', code='unique')]}"]
INFO 2025-07-01 23:48:20,227 tasks 61844 8451285120 Starting CSV processing for job_id: da5f31bb-ed8e-4998-a891-95a601383d99, file_path: /var/folders/q_/_ft01c313rq_kd43sq7v7fk40000gn/T/tmp6z1sseuv.csv
DEBUG 2025-07-01 23:48:20,228 tasks 61844 8451285120 Cache updated for job_id da5f31bb-ed8e-4998-a891-95a601383d99: processing, 0/0
INFO 2025-07-01 23:48:20,229 tasks 61844 8451285120 Total rows to process (excluding header): 3
DEBUG 2025-07-01 23:48:20,229 tasks 61844 8451285120 Cache updated for job_id da5f31bb-ed8e-4998-a891-95a601383d99: processing, 0/3
DEBUG 2025-07-01 23:48:20,229 tasks 61844 8451285120 Processing row 1: {'ngo_id': 'NGO13475', 'month': '2025-01', 'people_helped': '100', 'events_conducted': '5', 'funds_utilized': '50000.00'}
ERROR 2025-07-01 23:48:20,285 tasks 61844 8451285120 Job da5f31bb-ed8e-4998-a891-95a601383d99: Row 1 failed - {'non_field_errors': [ErrorDetail(string='The fields ngo_id, month must make a unique set.', code='unique')]}
DEBUG 2025-07-01 23:48:20,285 tasks 61844 8451285120 Cache updated for job_id da5f31bb-ed8e-4998-a891-95a601383d99: processing, 0/3
DEBUG 2025-07-01 23:48:20,285 tasks 61844 8451285120 Processing row 2: {'ngo_id': 'NGO43706', 'month': '2025-01', 'people_helped': '200', 'events_conducted': '10', 'funds_utilized': '100000.00'}
ERROR 2025-07-01 23:48:20,287 tasks 61844 8451285120 Job da5f31bb-ed8e-4998-a891-95a601383d99: Row 2 failed - {'non_field_errors': [ErrorDetail(string='The fields ngo_id, month must make a unique set.', code='unique')]}
DEBUG 2025-07-01 23:48:20,287 tasks 61844 8451285120 Cache updated for job_id da5f31bb-ed8e-4998-a891-95a601383d99: processing, 0/3
DEBUG 2025-07-01 23:48:20,287 tasks 61844 8451285120 Processing row 3: {'ngo_id': 'NGO43807', 'month': '2025-01', 'people_helped': '200', 'events_conducted': '10', 'funds_utilized': '100000.00'}
ERROR 2025-07-01 23:48:20,289 tasks 61844 8451285120 Job da5f31bb-ed8e-4998-a891-95a601383d99: Row 3 failed - {'non_field_errors': [ErrorDetail(string='The fields ngo_id, month must make a unique set.', code='unique')]}
DEBUG 2025-07-01 23:48:20,289 tasks 61844 8451285120 Cache updated for job_id da5f31bb-ed8e-4998-a891-95a601383d99: processing, 0/3
INFO 2025-07-01 23:48:20,290 tasks 61844 8451285120 Temporary file /var/folders/q_/_ft01c313rq_kd43sq7v7fk40000gn/T/tmp6z1sseuv.csv deleted
DEBUG 2025-07-01 23:48:20,290 tasks 61844 8451285120 Cache updated for job_id da5f31bb-ed8e-4998-a891-95a601383d99: failed, 0/3
INFO 2025-07-01 23:48:20,290 tasks 61844 8451285120 Completed CSV processing for job_id: da5f31bb-ed8e-4998-a891-95a601383d99, status: failed, processed: 0/3, errors: ["Row 1: {'non_field_errors': [ErrorDetail(string='The fields ngo_id, month must make a unique set.', code='unique')]}", "Row 2: {'non_field_errors': [ErrorDetail(string='The fields ngo_id, month must make a unique set.', code='unique')]}", "Row 3: {'non_field_errors': [ErrorDetail(string='The fields ngo_id, month must make a unique set.', code='unique')]}"]
INFO 2025-07-01 23:49:41,371 tasks 61844 8451285120 Starting CSV processing for job_id: 5b5f900e-0a4c-4bb7-ad17-116a61125f9f, file_path: /var/folders/q_/_ft01c313rq_kd43sq7v7fk40000gn/T/tmppuegebrz.csv
DEBUG 2025-07-01 23:49:41,372 tasks 61844 8451285120 Cache updated for job_id 5b5f900e-0a4c-4bb7-ad17-116a61125f9f: processing, 0/0
INFO 2025-07-01 23:49:41,373 tasks 61844 8451285120 Total rows to process (excluding header): 3
DEBUG 2025-07-01 23:49:41,373 tasks 61844 8451285120 Cache updated for job_id 5b5f900e-0a4c-4bb7-ad17-116a61125f9f: processing, 0/3
DEBUG 2025-07-01 23:49:41,374 tasks 61844 8451285120 Processing row 1: {'ngo_id': 'NGO13475', 'month': '2025-01', 'people_helped': '100', 'events_conducted': '5', 'funds_utilized': '50000.00'}
ERROR 2025-07-01 23:49:41,456 tasks 61844 8451285120 Job 5b5f900e-0a4c-4bb7-ad17-116a61125f9f: Row 1 failed - {'non_field_errors': [ErrorDetail(string='The fields ngo_id, month must make a unique set.', code='unique')]}
DEBUG 2025-07-01 23:49:41,457 tasks 61844 8451285120 Cache updated for job_id 5b5f900e-0a4c-4bb7-ad17-116a61125f9f: processing, 0/3
DEBUG 2025-07-01 23:49:41,457 tasks 61844 8451285120 Processing row 2: {'ngo_id': 'NGO43706', 'month': '2025-01', 'people_helped': '200', 'events_conducted': '10', 'funds_utilized': '100000.00'}
ERROR 2025-07-01 23:49:41,458 tasks 61844 8451285120 Job 5b5f900e-0a4c-4bb7-ad17-116a61125f9f: Row 2 failed - {'non_field_errors': [ErrorDetail(string='The fields ngo_id, month must make a unique set.', code='unique')]}
DEBUG 2025-07-01 23:49:41,458 tasks 61844 8451285120 Cache updated for job_id 5b5f900e-0a4c-4bb7-ad17-116a61125f9f: processing, 0/3
DEBUG 2025-07-01 23:49:41,459 tasks 61844 8451285120 Processing row 3: {'ngo_id': 'NGO43807', 'month': '2025-01', 'people_helped': '200', 'events_conducted': '10', 'funds_utilized': '100000.00'}
ERROR 2025-07-01 23:49:41,460 tasks 61844 8451285120 Job 5b5f900e-0a4c-4bb7-ad17-116a61125f9f: Row 3 failed - {'non_field_errors': [ErrorDetail(string='The fields ngo_id, month must make a unique set.', code='unique')]}
DEBUG 2025-07-01 23:49:41,460 tasks 61844 8451285120 Cache updated for job_id 5b5f900e-0a4c-4bb7-ad17-116a61125f9f: processing, 0/3
INFO 2025-07-01 23:49:41,460 tasks 61844 8451285120 Temporary file /var/folders/q_/_ft01c313rq_kd43sq7v7fk40000gn/T/tmppuegebrz.csv deleted
DEBUG 2025-07-01 23:49:41,461 tasks 61844 8451285120 Cache updated for job_id 5b5f900e-0a4c-4bb7-ad17-116a61125f9f: failed, 0/3
INFO 2025-07-01 23:49:41,461 tasks 61844 8451285120 Completed CSV processing for job_id: 5b5f900e-0a4c-4bb7-ad17-116a61125f9f, status: failed, processed: 0/3, errors: ["Row 1: {'non_field_errors': [ErrorDetail(string='The fields ngo_id, month must make a unique set.', code='unique')]}", "Row 2: {'non_field_errors': [ErrorDetail(string='The fields ngo_id, month must make a unique set.', code='unique')]}", "Row 3: {'non_field_errors': [ErrorDetail(string='The fields ngo_id, month must make a unique set.', code='unique')]}"]
INFO 2025-07-01 23:52:26,573 autoreload 61931 8451285120 /Users/tusharpandole/goodforgood/backend/reports/views.py changed, reloading.
INFO 2025-07-01 23:52:26,987 autoreload 63748 8451285120 Watching for file changes with StatReloader
INFO 2025-07-01 23:52:49,775 autoreload 63748 8451285120 /Users/tusharpandole/goodforgood/backend/reports/views.py changed, reloading.
INFO 2025-07-01 23:52:50,177 autoreload 63777 8451285120 Watching for file changes with StatReloader
INFO 2025-07-01 23:52:59,575 autoreload 63777 8451285120 /Users/tusharpandole/goodforgood/backend/reports/views.py changed, reloading.
INFO 2025-07-01 23:53:00,047 autoreload 63835 8451285120 Watching for file changes with StatReloader
INFO 2025-07-01 23:54:21,665 autoreload 64050 8451285120 Watching for file changes with StatReloader
DEBUG 2025-07-01 23:54:35,396 functional 64230 8451285120 
def xstarmap(task, it):
    return 1

DEBUG 2025-07-01 23:54:35,396 functional 64230 8451285120 
def chord(self, header, body, partial_args=0, interval=1, countdown=2, max_retries=3, eager=4, **kwargs):
    return 1

DEBUG 2025-07-01 23:54:35,396 functional 64230 8451285120 
def accumulate(self, *args, **kwargs):
    return 1

DEBUG 2025-07-01 23:54:35,396 functional 64230 8451285120 
def process_csv_upload(file_path, job_id):
    return 1

DEBUG 2025-07-01 23:54:35,396 functional 64230 8451285120 
def chunks(task, it, n):
    return 1

DEBUG 2025-07-01 23:54:35,397 functional 64230 8451285120 
def unlock_chord(self, group_id, callback, interval=0, max_retries=1, result=2, Result=3, GroupResult=4, result_from_tuple=5, **kwargs):
    return 1

DEBUG 2025-07-01 23:54:35,397 functional 64230 8451285120 
def group(self, tasks, result, group_id, partial_args, add_to_parent=0):
    return 1

DEBUG 2025-07-01 23:54:35,397 functional 64230 8451285120 
def xmap(task, it):
    return 1

DEBUG 2025-07-01 23:54:35,397 functional 64230 8451285120 
def chain(*args, **kwargs):
    return 1

DEBUG 2025-07-01 23:54:35,397 functional 64230 8451285120 
def backend_cleanup():
    return 1

INFO 2025-07-01 23:55:08,918 tasks 64240 8451285120 Starting CSV processing for job_id: 3c909fc7-c11b-4fdf-aabc-f55c0fa6c787, file_path: /var/folders/q_/_ft01c313rq_kd43sq7v7fk40000gn/T/tmpzqkgvtam.csv
DEBUG 2025-07-01 23:55:08,919 tasks 64240 8451285120 Cache updated for job_id 3c909fc7-c11b-4fdf-aabc-f55c0fa6c787: processing, 0/0
INFO 2025-07-01 23:55:08,919 tasks 64240 8451285120 Total rows to process (excluding header): 3
DEBUG 2025-07-01 23:55:08,920 tasks 64240 8451285120 Cache updated for job_id 3c909fc7-c11b-4fdf-aabc-f55c0fa6c787: processing, 0/3
DEBUG 2025-07-01 23:55:08,920 tasks 64240 8451285120 Processing row 1: {'ngo_id': 'NGO99901', 'month': '2025-03', 'people_helped': '100', 'events_conducted': '5', 'funds_utilized': '50000.00'}
DEBUG 2025-07-01 23:55:08,980 tasks 64240 8451285120 Job 3c909fc7-c11b-4fdf-aabc-f55c0fa6c787: Row 1 saved successfully
DEBUG 2025-07-01 23:55:08,980 tasks 64240 8451285120 Cache updated for job_id 3c909fc7-c11b-4fdf-aabc-f55c0fa6c787: processing, 1/3
DEBUG 2025-07-01 23:55:08,981 tasks 64240 8451285120 Processing row 2: {'ngo_id': 'NGO99902', 'month': '2025-03', 'people_helped': '200', 'events_conducted': '10', 'funds_utilized': '100000.00'}
DEBUG 2025-07-01 23:55:08,983 tasks 64240 8451285120 Job 3c909fc7-c11b-4fdf-aabc-f55c0fa6c787: Row 2 saved successfully
DEBUG 2025-07-01 23:55:08,983 tasks 64240 8451285120 Cache updated for job_id 3c909fc7-c11b-4fdf-aabc-f55c0fa6c787: processing, 2/3
DEBUG 2025-07-01 23:55:08,983 tasks 64240 8451285120 Processing row 3: {'ngo_id': 'NGO99903', 'month': '2025-03', 'people_helped': '200', 'events_conducted': '10', 'funds_utilized': '100000.00'}
DEBUG 2025-07-01 23:55:08,985 tasks 64240 8451285120 Job 3c909fc7-c11b-4fdf-aabc-f55c0fa6c787: Row 3 saved successfully
DEBUG 2025-07-01 23:55:08,986 tasks 64240 8451285120 Cache updated for job_id 3c909fc7-c11b-4fdf-aabc-f55c0fa6c787: processing, 3/3
INFO 2025-07-01 23:55:08,986 tasks 64240 8451285120 Temporary file /var/folders/q_/_ft01c313rq_kd43sq7v7fk40000gn/T/tmpzqkgvtam.csv deleted
DEBUG 2025-07-01 23:55:08,987 tasks 64240 8451285120 Cache updated for job_id 3c909fc7-c11b-4fdf-aabc-f55c0fa6c787: completed, 3/3
INFO 2025-07-01 23:55:08,987 tasks 64240 8451285120 Completed CSV processing for job_id: 3c909fc7-c11b-4fdf-aabc-f55c0fa6c787, status: completed, processed: 3/3, errors: []
DEBUG 2025-07-01 23:55:29,956 views 64050 6159790080 Retrieved job status for job_id 3c909fc7-c11b-4fdf-aabc-f55c0fa6c787: {'status': 'processing', 'processed': 0, 'total': 0, 'errors': []}
INFO 2025-07-01 23:59:47,103 tasks 64240 8451285120 Starting CSV processing for job_id: df5a08a5-1bdd-43e4-a621-3edf61dad934, file_path: /var/folders/q_/_ft01c313rq_kd43sq7v7fk40000gn/T/tmp38iok_k9.csv
DEBUG 2025-07-01 23:59:47,104 tasks 64240 8451285120 Cache updated for job_id df5a08a5-1bdd-43e4-a621-3edf61dad934: processing, 0/0
INFO 2025-07-01 23:59:47,105 tasks 64240 8451285120 Total rows to process (excluding header): 3
DEBUG 2025-07-01 23:59:47,105 tasks 64240 8451285120 Cache updated for job_id df5a08a5-1bdd-43e4-a621-3edf61dad934: processing, 0/3
DEBUG 2025-07-01 23:59:47,106 tasks 64240 8451285120 Processing row 1: {'ngo_id': 'NGO99906', 'month': '2025-04', 'people_helped': '100', 'events_conducted': '5', 'funds_utilized': '50000.00'}
DEBUG 2025-07-01 23:59:47,161 tasks 64240 8451285120 Job df5a08a5-1bdd-43e4-a621-3edf61dad934: Row 1 saved successfully
DEBUG 2025-07-01 23:59:47,162 tasks 64240 8451285120 Cache updated for job_id df5a08a5-1bdd-43e4-a621-3edf61dad934: processing, 1/3
DEBUG 2025-07-01 23:59:47,162 tasks 64240 8451285120 Processing row 2: {'ngo_id': 'NGO99906', 'month': '2025-04', 'people_helped': '200', 'events_conducted': '10', 'funds_utilized': '100000.00'}
ERROR 2025-07-01 23:59:47,165 tasks 64240 8451285120 Job df5a08a5-1bdd-43e4-a621-3edf61dad934: Row 2 failed - {'non_field_errors': [ErrorDetail(string='The fields ngo_id, month must make a unique set.', code='unique')]}
DEBUG 2025-07-01 23:59:47,165 tasks 64240 8451285120 Cache updated for job_id df5a08a5-1bdd-43e4-a621-3edf61dad934: processing, 1/3
DEBUG 2025-07-01 23:59:47,166 tasks 64240 8451285120 Processing row 3: {'ngo_id': 'NGO99906', 'month': '2025-04', 'people_helped': '200', 'events_conducted': '10', 'funds_utilized': '100000.00'}
ERROR 2025-07-01 23:59:47,168 tasks 64240 8451285120 Job df5a08a5-1bdd-43e4-a621-3edf61dad934: Row 3 failed - {'non_field_errors': [ErrorDetail(string='The fields ngo_id, month must make a unique set.', code='unique')]}
DEBUG 2025-07-01 23:59:47,168 tasks 64240 8451285120 Cache updated for job_id df5a08a5-1bdd-43e4-a621-3edf61dad934: processing, 1/3
INFO 2025-07-01 23:59:47,169 tasks 64240 8451285120 Temporary file /var/folders/q_/_ft01c313rq_kd43sq7v7fk40000gn/T/tmp38iok_k9.csv deleted
DEBUG 2025-07-01 23:59:47,169 tasks 64240 8451285120 Cache updated for job_id df5a08a5-1bdd-43e4-a621-3edf61dad934: failed, 1/3
INFO 2025-07-01 23:59:47,170 tasks 64240 8451285120 Completed CSV processing for job_id: df5a08a5-1bdd-43e4-a621-3edf61dad934, status: failed, processed: 1/3, errors: ["Row 2: {'non_field_errors': [ErrorDetail(string='The fields ngo_id, month must make a unique set.', code='unique')]}", "Row 3: {'non_field_errors': [ErrorDetail(string='The fields ngo_id, month must make a unique set.', code='unique')]}"]
DEBUG 2025-07-01 23:59:49,106 views 64050 6159790080 Retrieved job status for job_id df5a08a5-1bdd-43e4-a621-3edf61dad934: {'status': 'processing', 'processed': 0, 'total': 0, 'errors': []}
DEBUG 2025-07-01 23:59:51,104 views 64050 6159790080 Retrieved job status for job_id df5a08a5-1bdd-43e4-a621-3edf61dad934: {'status': 'processing', 'processed': 0, 'total': 0, 'errors': []}
DEBUG 2025-07-01 23:59:53,104 views 64050 6159790080 Retrieved job status for job_id df5a08a5-1bdd-43e4-a621-3edf61dad934: {'status': 'processing', 'processed': 0, 'total': 0, 'errors': []}
DEBUG 2025-07-01 23:59:55,106 views 64050 6159790080 Retrieved job status for job_id df5a08a5-1bdd-43e4-a621-3edf61dad934: {'status': 'processing', 'processed': 0, 'total': 0, 'errors': []}
DEBUG 2025-07-01 23:59:57,104 views 64050 6159790080 Retrieved job status for job_id df5a08a5-1bdd-43e4-a621-3edf61dad934: {'status': 'processing', 'processed': 0, 'total': 0, 'errors': []}
DEBUG 2025-07-01 23:59:59,103 views 64050 6159790080 Retrieved job status for job_id df5a08a5-1bdd-43e4-a621-3edf61dad934: {'status': 'processing', 'processed': 0, 'total': 0, 'errors': []}
DEBUG 2025-07-02 00:00:01,102 views 64050 6159790080 Retrieved job status for job_id df5a08a5-1bdd-43e4-a621-3edf61dad934: {'status': 'processing', 'processed': 0, 'total': 0, 'errors': []}
DEBUG 2025-07-02 00:00:03,104 views 64050 6159790080 Retrieved job status for job_id df5a08a5-1bdd-43e4-a621-3edf61dad934: {'status': 'processing', 'processed': 0, 'total': 0, 'errors': []}
DEBUG 2025-07-02 00:00:05,105 views 64050 6159790080 Retrieved job status for job_id df5a08a5-1bdd-43e4-a621-3edf61dad934: {'status': 'processing', 'processed': 0, 'total': 0, 'errors': []}
DEBUG 2025-07-02 00:00:07,101 views 64050 6159790080 Retrieved job status for job_id df5a08a5-1bdd-43e4-a621-3edf61dad934: {'status': 'processing', 'processed': 0, 'total': 0, 'errors': []}
DEBUG 2025-07-02 00:00:09,104 views 64050 6159790080 Retrieved job status for job_id df5a08a5-1bdd-43e4-a621-3edf61dad934: {'status': 'processing', 'processed': 0, 'total': 0, 'errors': []}
DEBUG 2025-07-02 00:00:11,101 views 64050 6159790080 Retrieved job status for job_id df5a08a5-1bdd-43e4-a621-3edf61dad934: {'status': 'processing', 'processed': 0, 'total': 0, 'errors': []}
DEBUG 2025-07-02 00:00:13,104 views 64050 6159790080 Retrieved job status for job_id df5a08a5-1bdd-43e4-a621-3edf61dad934: {'status': 'processing', 'processed': 0, 'total': 0, 'errors': []}
DEBUG 2025-07-02 00:00:15,103 views 64050 6159790080 Retrieved job status for job_id df5a08a5-1bdd-43e4-a621-3edf61dad934: {'status': 'processing', 'processed': 0, 'total': 0, 'errors': []}
DEBUG 2025-07-02 00:00:17,101 views 64050 6159790080 Retrieved job status for job_id df5a08a5-1bdd-43e4-a621-3edf61dad934: {'status': 'processing', 'processed': 0, 'total': 0, 'errors': []}
DEBUG 2025-07-02 00:00:19,902 views 64050 6159790080 Retrieved job status for job_id df5a08a5-1bdd-43e4-a621-3edf61dad934: {'status': 'processing', 'processed': 0, 'total': 0, 'errors': []}
DEBUG 2025-07-02 00:00:21,897 views 64050 6159790080 Retrieved job status for job_id df5a08a5-1bdd-43e4-a621-3edf61dad934: {'status': 'processing', 'processed': 0, 'total': 0, 'errors': []}
DEBUG 2025-07-02 00:00:23,894 views 64050 6159790080 Retrieved job status for job_id df5a08a5-1bdd-43e4-a621-3edf61dad934: {'status': 'processing', 'processed': 0, 'total': 0, 'errors': []}
DEBUG 2025-07-02 00:00:25,906 views 64050 6159790080 Retrieved job status for job_id df5a08a5-1bdd-43e4-a621-3edf61dad934: {'status': 'processing', 'processed': 0, 'total': 0, 'errors': []}
DEBUG 2025-07-02 00:00:27,896 views 64050 6159790080 Retrieved job status for job_id df5a08a5-1bdd-43e4-a621-3edf61dad934: {'status': 'processing', 'processed': 0, 'total': 0, 'errors': []}
DEBUG 2025-07-02 00:00:29,895 views 64050 6159790080 Retrieved job status for job_id df5a08a5-1bdd-43e4-a621-3edf61dad934: {'status': 'processing', 'processed': 0, 'total': 0, 'errors': []}
DEBUG 2025-07-02 00:00:31,896 views 64050 6159790080 Retrieved job status for job_id df5a08a5-1bdd-43e4-a621-3edf61dad934: {'status': 'processing', 'processed': 0, 'total': 0, 'errors': []}
DEBUG 2025-07-02 00:00:33,894 views 64050 6159790080 Retrieved job status for job_id df5a08a5-1bdd-43e4-a621-3edf61dad934: {'status': 'processing', 'processed': 0, 'total': 0, 'errors': []}
DEBUG 2025-07-02 00:00:35,099 views 64050 6159790080 Retrieved job status for job_id df5a08a5-1bdd-43e4-a621-3edf61dad934: {'status': 'processing', 'processed': 0, 'total': 0, 'errors': []}
DEBUG 2025-07-02 00:00:37,104 views 64050 6159790080 Retrieved job status for job_id df5a08a5-1bdd-43e4-a621-3edf61dad934: {'status': 'processing', 'processed': 0, 'total': 0, 'errors': []}
DEBUG 2025-07-02 00:00:39,104 views 64050 6159790080 Retrieved job status for job_id df5a08a5-1bdd-43e4-a621-3edf61dad934: {'status': 'processing', 'processed': 0, 'total': 0, 'errors': []}
DEBUG 2025-07-02 00:00:41,102 views 64050 6159790080 Retrieved job status for job_id df5a08a5-1bdd-43e4-a621-3edf61dad934: {'status': 'processing', 'processed': 0, 'total': 0, 'errors': []}
DEBUG 2025-07-02 00:00:43,101 views 64050 6159790080 Retrieved job status for job_id df5a08a5-1bdd-43e4-a621-3edf61dad934: {'status': 'processing', 'processed': 0, 'total': 0, 'errors': []}
DEBUG 2025-07-02 00:00:45,100 views 64050 6159790080 Retrieved job status for job_id df5a08a5-1bdd-43e4-a621-3edf61dad934: {'status': 'processing', 'processed': 0, 'total': 0, 'errors': []}
DEBUG 2025-07-02 00:00:47,103 views 64050 6159790080 Retrieved job status for job_id df5a08a5-1bdd-43e4-a621-3edf61dad934: {'status': 'processing', 'processed': 0, 'total': 0, 'errors': []}
DEBUG 2025-07-02 00:00:49,102 views 64050 6159790080 Retrieved job status for job_id df5a08a5-1bdd-43e4-a621-3edf61dad934: {'status': 'processing', 'processed': 0, 'total': 0, 'errors': []}
INFO 2025-07-02 00:01:21,471 tasks 64240 8451285120 Starting CSV processing for job_id: a062cd2f-bd76-4bf6-aae9-2e78f1b9353c, file_path: /var/folders/q_/_ft01c313rq_kd43sq7v7fk40000gn/T/tmpb7ws_nvb.csv
DEBUG 2025-07-02 00:01:21,473 tasks 64240 8451285120 Cache updated for job_id a062cd2f-bd76-4bf6-aae9-2e78f1b9353c: processing, 0/0
INFO 2025-07-02 00:01:21,473 tasks 64240 8451285120 Total rows to process (excluding header): 3
DEBUG 2025-07-02 00:01:21,474 tasks 64240 8451285120 Cache updated for job_id a062cd2f-bd76-4bf6-aae9-2e78f1b9353c: processing, 0/3
DEBUG 2025-07-02 00:01:21,475 tasks 64240 8451285120 Processing row 1: {'ngo_id': 'NGO99906', 'month': '2025-04', 'people_helped': '100', 'events_conducted': '5', 'funds_utilized': '50000.00'}
ERROR 2025-07-02 00:01:21,523 tasks 64240 8451285120 Job a062cd2f-bd76-4bf6-aae9-2e78f1b9353c: Row 1 failed - {'non_field_errors': [ErrorDetail(string='The fields ngo_id, month must make a unique set.', code='unique')]}
DEBUG 2025-07-02 00:01:21,524 tasks 64240 8451285120 Cache updated for job_id a062cd2f-bd76-4bf6-aae9-2e78f1b9353c: processing, 0/3
DEBUG 2025-07-02 00:01:21,525 tasks 64240 8451285120 Processing row 2: {'ngo_id': 'NGO99906', 'month': '2025-04', 'people_helped': '200', 'events_conducted': '10', 'funds_utilized': '100000.00'}
ERROR 2025-07-02 00:01:21,527 tasks 64240 8451285120 Job a062cd2f-bd76-4bf6-aae9-2e78f1b9353c: Row 2 failed - {'non_field_errors': [ErrorDetail(string='The fields ngo_id, month must make a unique set.', code='unique')]}
DEBUG 2025-07-02 00:01:21,527 tasks 64240 8451285120 Cache updated for job_id a062cd2f-bd76-4bf6-aae9-2e78f1b9353c: processing, 0/3
DEBUG 2025-07-02 00:01:21,528 tasks 64240 8451285120 Processing row 3: {'ngo_id': 'NGO99906', 'month': '2025-04', 'people_helped': '200', 'events_conducted': '10', 'funds_utilized': '100000.00'}
ERROR 2025-07-02 00:01:21,529 tasks 64240 8451285120 Job a062cd2f-bd76-4bf6-aae9-2e78f1b9353c: Row 3 failed - {'non_field_errors': [ErrorDetail(string='The fields ngo_id, month must make a unique set.', code='unique')]}
DEBUG 2025-07-02 00:01:21,530 tasks 64240 8451285120 Cache updated for job_id a062cd2f-bd76-4bf6-aae9-2e78f1b9353c: processing, 0/3
INFO 2025-07-02 00:01:21,530 tasks 64240 8451285120 Temporary file /var/folders/q_/_ft01c313rq_kd43sq7v7fk40000gn/T/tmpb7ws_nvb.csv deleted
DEBUG 2025-07-02 00:01:21,531 tasks 64240 8451285120 Cache updated for job_id a062cd2f-bd76-4bf6-aae9-2e78f1b9353c: failed, 0/3
INFO 2025-07-02 00:01:21,531 tasks 64240 8451285120 Completed CSV processing for job_id: a062cd2f-bd76-4bf6-aae9-2e78f1b9353c, status: failed, processed: 0/3, errors: ["Row 1: {'non_field_errors': [ErrorDetail(string='The fields ngo_id, month must make a unique set.', code='unique')]}", "Row 2: {'non_field_errors': [ErrorDetail(string='The fields ngo_id, month must make a unique set.', code='unique')]}", "Row 3: {'non_field_errors': [ErrorDetail(string='The fields ngo_id, month must make a unique set.', code='unique')]}"]
DEBUG 2025-07-02 00:01:23,472 views 64050 6159790080 Retrieved job status for job_id a062cd2f-bd76-4bf6-aae9-2e78f1b9353c: {'status': 'processing', 'processed': 0, 'total': 0, 'errors': []}
DEBUG 2025-07-02 00:01:25,472 views 64050 6159790080 Retrieved job status for job_id a062cd2f-bd76-4bf6-aae9-2e78f1b9353c: {'status': 'processing', 'processed': 0, 'total': 0, 'errors': []}
DEBUG 2025-07-02 00:01:27,470 views 64050 6159790080 Retrieved job status for job_id a062cd2f-bd76-4bf6-aae9-2e78f1b9353c: {'status': 'processing', 'processed': 0, 'total': 0, 'errors': []}
DEBUG 2025-07-02 00:01:29,472 views 64050 6159790080 Retrieved job status for job_id a062cd2f-bd76-4bf6-aae9-2e78f1b9353c: {'status': 'processing', 'processed': 0, 'total': 0, 'errors': []}
DEBUG 2025-07-02 00:01:31,469 views 64050 6159790080 Retrieved job status for job_id a062cd2f-bd76-4bf6-aae9-2e78f1b9353c: {'status': 'processing', 'processed': 0, 'total': 0, 'errors': []}
DEBUG 2025-07-02 00:01:33,469 views 64050 6159790080 Retrieved job status for job_id a062cd2f-bd76-4bf6-aae9-2e78f1b9353c: {'status': 'processing', 'processed': 0, 'total': 0, 'errors': []}
DEBUG 2025-07-02 00:01:35,473 views 64050 6159790080 Retrieved job status for job_id a062cd2f-bd76-4bf6-aae9-2e78f1b9353c: {'status': 'processing', 'processed': 0, 'total': 0, 'errors': []}
DEBUG 2025-07-02 00:01:37,469 views 64050 6159790080 Retrieved job status for job_id a062cd2f-bd76-4bf6-aae9-2e78f1b9353c: {'status': 'processing', 'processed': 0, 'total': 0, 'errors': []}
DEBUG 2025-07-02 00:01:39,470 views 64050 6159790080 Retrieved job status for job_id a062cd2f-bd76-4bf6-aae9-2e78f1b9353c: {'status': 'processing', 'processed': 0, 'total': 0, 'errors': []}
DEBUG 2025-07-02 00:01:41,471 views 64050 6159790080 Retrieved job status for job_id a062cd2f-bd76-4bf6-aae9-2e78f1b9353c: {'status': 'processing', 'processed': 0, 'total': 0, 'errors': []}
DEBUG 2025-07-02 00:01:43,897 views 64050 6159790080 Retrieved job status for job_id a062cd2f-bd76-4bf6-aae9-2e78f1b9353c: {'status': 'processing', 'processed': 0, 'total': 0, 'errors': []}
DEBUG 2025-07-02 00:01:45,893 views 64050 6159790080 Retrieved job status for job_id a062cd2f-bd76-4bf6-aae9-2e78f1b9353c: {'status': 'processing', 'processed': 0, 'total': 0, 'errors': []}
DEBUG 2025-07-02 00:01:47,892 views 64050 6159790080 Retrieved job status for job_id a062cd2f-bd76-4bf6-aae9-2e78f1b9353c: {'status': 'processing', 'processed': 0, 'total': 0, 'errors': []}
DEBUG 2025-07-02 00:01:49,892 views 64050 6159790080 Retrieved job status for job_id a062cd2f-bd76-4bf6-aae9-2e78f1b9353c: {'status': 'processing', 'processed': 0, 'total': 0, 'errors': []}
DEBUG 2025-07-02 00:01:51,890 views 64050 6159790080 Retrieved job status for job_id a062cd2f-bd76-4bf6-aae9-2e78f1b9353c: {'status': 'processing', 'processed': 0, 'total': 0, 'errors': []}
DEBUG 2025-07-02 00:01:53,892 views 64050 6159790080 Retrieved job status for job_id a062cd2f-bd76-4bf6-aae9-2e78f1b9353c: {'status': 'processing', 'processed': 0, 'total': 0, 'errors': []}
DEBUG 2025-07-02 00:01:55,898 views 64050 6159790080 Retrieved job status for job_id a062cd2f-bd76-4bf6-aae9-2e78f1b9353c: {'status': 'processing', 'processed': 0, 'total': 0, 'errors': []}
DEBUG 2025-07-02 00:01:57,892 views 64050 6159790080 Retrieved job status for job_id a062cd2f-bd76-4bf6-aae9-2e78f1b9353c: {'status': 'processing', 'processed': 0, 'total': 0, 'errors': []}
DEBUG 2025-07-02 00:01:59,894 views 64050 6159790080 Retrieved job status for job_id a062cd2f-bd76-4bf6-aae9-2e78f1b9353c: {'status': 'processing', 'processed': 0, 'total': 0, 'errors': []}
DEBUG 2025-07-02 00:02:01,889 views 64050 6159790080 Retrieved job status for job_id a062cd2f-bd76-4bf6-aae9-2e78f1b9353c: {'status': 'processing', 'processed': 0, 'total': 0, 'errors': []}
DEBUG 2025-07-02 00:02:03,891 views 64050 6159790080 Retrieved job status for job_id a062cd2f-bd76-4bf6-aae9-2e78f1b9353c: {'status': 'processing', 'processed': 0, 'total': 0, 'errors': []}
DEBUG 2025-07-02 00:02:05,900 views 64050 6159790080 Retrieved job status for job_id a062cd2f-bd76-4bf6-aae9-2e78f1b9353c: {'status': 'processing', 'processed': 0, 'total': 0, 'errors': []}
DEBUG 2025-07-02 00:02:07,891 views 64050 6159790080 Retrieved job status for job_id a062cd2f-bd76-4bf6-aae9-2e78f1b9353c: {'status': 'processing', 'processed': 0, 'total': 0, 'errors': []}
DEBUG 2025-07-02 00:02:09,892 views 64050 6159790080 Retrieved job status for job_id a062cd2f-bd76-4bf6-aae9-2e78f1b9353c: {'status': 'processing', 'processed': 0, 'total': 0, 'errors': []}
DEBUG 2025-07-02 00:02:11,893 views 64050 6159790080 Retrieved job status for job_id a062cd2f-bd76-4bf6-aae9-2e78f1b9353c: {'status': 'processing', 'processed': 0, 'total': 0, 'errors': []}
DEBUG 2025-07-02 00:02:13,900 views 64050 6159790080 Retrieved job status for job_id a062cd2f-bd76-4bf6-aae9-2e78f1b9353c: {'status': 'processing', 'processed': 0, 'total': 0, 'errors': []}
DEBUG 2025-07-02 00:02:15,889 views 64050 6159790080 Retrieved job status for job_id a062cd2f-bd76-4bf6-aae9-2e78f1b9353c: {'status': 'processing', 'processed': 0, 'total': 0, 'errors': []}
DEBUG 2025-07-02 00:02:17,890 views 64050 6159790080 Retrieved job status for job_id a062cd2f-bd76-4bf6-aae9-2e78f1b9353c: {'status': 'processing', 'processed': 0, 'total': 0, 'errors': []}
DEBUG 2025-07-02 00:02:19,893 views 64050 6159790080 Retrieved job status for job_id a062cd2f-bd76-4bf6-aae9-2e78f1b9353c: {'status': 'processing', 'processed': 0, 'total': 0, 'errors': []}
DEBUG 2025-07-02 00:02:21,892 views 64050 6159790080 Retrieved job status for job_id a062cd2f-bd76-4bf6-aae9-2e78f1b9353c: {'status': 'processing', 'processed': 0, 'total': 0, 'errors': []}
DEBUG 2025-07-02 00:02:23,888 views 64050 6159790080 Retrieved job status for job_id a062cd2f-bd76-4bf6-aae9-2e78f1b9353c: {'status': 'processing', 'processed': 0, 'total': 0, 'errors': []}
INFO 2025-07-02 00:30:14,895 autoreload 64050 8451285120 /Users/tusharpandole/goodforgood/backend/goodforgood/settings.py changed, reloading.
INFO 2025-07-02 00:30:15,356 autoreload 69152 8451285120 Watching for file changes with StatReloader
INFO 2025-07-02 00:32:14,418 autoreload 69886 8451285120 Watching for file changes with StatReloader
ERROR 2025-07-02 00:32:26,911 signal 70036 8451285120 Signal handler <bound method DjangoFixup.on_import_modules of <celery.fixups.django.DjangoFixup object at 0x101e3bd00>> raised: InvalidCacheBackendError("Could not find backend 'django_redis.cache.RedisCache': No module named 'django_redis'")
Traceback (most recent call last):
  File "/Users/tusharpandole/goodforgood/backend/venv/lib/python3.8/site-packages/django/core/cache/__init__.py", line 47, in create_connection
    backend_cls = import_string(backend)
  File "/Users/tusharpandole/goodforgood/backend/venv/lib/python3.8/site-packages/django/utils/module_loading.py", line 30, in import_string
    return cached_import(module_path, class_name)
  File "/Users/tusharpandole/goodforgood/backend/venv/lib/python3.8/site-packages/django/utils/module_loading.py", line 15, in cached_import
    module = import_module(module_path)
  File "/Users/tusharpandole/.pyenv/versions/3.8.17/lib/python3.8/importlib/__init__.py", line 127, in import_module
    return _bootstrap._gcd_import(name[level:], package, level)
  File "<frozen importlib._bootstrap>", line 1014, in _gcd_import
  File "<frozen importlib._bootstrap>", line 991, in _find_and_load
  File "<frozen importlib._bootstrap>", line 961, in _find_and_load_unlocked
  File "<frozen importlib._bootstrap>", line 219, in _call_with_frames_removed
  File "<frozen importlib._bootstrap>", line 1014, in _gcd_import
  File "<frozen importlib._bootstrap>", line 991, in _find_and_load
  File "<frozen importlib._bootstrap>", line 973, in _find_and_load_unlocked
ModuleNotFoundError: No module named 'django_redis'

The above exception was the direct cause of the following exception:

Traceback (most recent call last):
  File "/Users/tusharpandole/goodforgood/backend/venv/lib/python3.8/site-packages/celery/utils/dispatch/signal.py", line 276, in send
    response = receiver(signal=self, sender=sender, **named)
  File "/Users/tusharpandole/goodforgood/backend/venv/lib/python3.8/site-packages/celery/fixups/django.py", line 97, in on_import_modules
    self.worker_fixup.validate_models()
  File "/Users/tusharpandole/goodforgood/backend/venv/lib/python3.8/site-packages/celery/fixups/django.py", line 137, in validate_models
    run_checks()
  File "/Users/tusharpandole/goodforgood/backend/venv/lib/python3.8/site-packages/django/core/checks/registry.py", line 88, in run_checks
    new_errors = check(app_configs=app_configs, databases=databases)
  File "/Users/tusharpandole/goodforgood/backend/venv/lib/python3.8/site-packages/django/core/checks/caches.py", line 65, in check_file_based_cache_is_absolute
    cache = caches[alias]
  File "/Users/tusharpandole/goodforgood/backend/venv/lib/python3.8/site-packages/django/utils/connection.py", line 62, in __getitem__
    conn = self.create_connection(alias)
  File "/Users/tusharpandole/goodforgood/backend/venv/lib/python3.8/site-packages/django/core/cache/__init__.py", line 49, in create_connection
    raise InvalidCacheBackendError(
django.core.cache.backends.base.InvalidCacheBackendError: Could not find backend 'django_redis.cache.RedisCache': No module named 'django_redis'
DEBUG 2025-07-02 00:32:49,526 functional 70234 8451285120 
def xstarmap(task, it):
    return 1

DEBUG 2025-07-02 00:32:49,527 functional 70234 8451285120 
def chord(self, header, body, partial_args=0, interval=1, countdown=2, max_retries=3, eager=4, **kwargs):
    return 1

DEBUG 2025-07-02 00:32:49,527 functional 70234 8451285120 
def accumulate(self, *args, **kwargs):
    return 1

DEBUG 2025-07-02 00:32:49,527 functional 70234 8451285120 
def chunks(task, it, n):
    return 1

DEBUG 2025-07-02 00:32:49,527 functional 70234 8451285120 
def unlock_chord(self, group_id, callback, interval=0, max_retries=1, result=2, Result=3, GroupResult=4, result_from_tuple=5, **kwargs):
    return 1

DEBUG 2025-07-02 00:32:49,527 functional 70234 8451285120 
def group(self, tasks, result, group_id, partial_args, add_to_parent=0):
    return 1

DEBUG 2025-07-02 00:32:49,527 functional 70234 8451285120 
def process_csv_upload(file_path, job_id):
    return 1

DEBUG 2025-07-02 00:32:49,527 functional 70234 8451285120 
def xmap(task, it):
    return 1

DEBUG 2025-07-02 00:32:49,528 functional 70234 8451285120 
def chain(*args, **kwargs):
    return 1

DEBUG 2025-07-02 00:32:49,528 functional 70234 8451285120 
def backend_cleanup():
    return 1

INFO 2025-07-02 00:33:08,783 tasks 70245 8451285120 Starting CSV processing for job_id: ae525d0e-99b7-4e4b-85d0-f7420332e08e, file_path: /var/folders/q_/_ft01c313rq_kd43sq7v7fk40000gn/T/tmp0hrbjr3o.csv
DEBUG 2025-07-02 00:33:08,785 tasks 70245 8451285120 Cache updated for job_id ae525d0e-99b7-4e4b-85d0-f7420332e08e: processing, 0/0
INFO 2025-07-02 00:33:08,785 tasks 70245 8451285120 Total rows to process (excluding header): 3
DEBUG 2025-07-02 00:33:08,785 tasks 70245 8451285120 Cache updated for job_id ae525d0e-99b7-4e4b-85d0-f7420332e08e: processing, 0/3
DEBUG 2025-07-02 00:33:08,786 tasks 70245 8451285120 Processing row 1: {'ngo_id': 'NGO99913', 'month': '2025-03', 'people_helped': '100', 'events_conducted': '5', 'funds_utilized': '50000.00'}
DEBUG 2025-07-02 00:33:08,860 tasks 70245 8451285120 Job ae525d0e-99b7-4e4b-85d0-f7420332e08e: Row 1 saved successfully
DEBUG 2025-07-02 00:33:08,860 tasks 70245 8451285120 Cache updated for job_id ae525d0e-99b7-4e4b-85d0-f7420332e08e: processing, 1/3
DEBUG 2025-07-02 00:33:08,860 tasks 70245 8451285120 Processing row 2: {'ngo_id': 'NGO99914', 'month': '2025-03', 'people_helped': '200', 'events_conducted': '10', 'funds_utilized': '100000.00'}
DEBUG 2025-07-02 00:33:08,863 tasks 70245 8451285120 Job ae525d0e-99b7-4e4b-85d0-f7420332e08e: Row 2 saved successfully
DEBUG 2025-07-02 00:33:08,863 tasks 70245 8451285120 Cache updated for job_id ae525d0e-99b7-4e4b-85d0-f7420332e08e: processing, 2/3
DEBUG 2025-07-02 00:33:08,863 tasks 70245 8451285120 Processing row 3: {'ngo_id': 'NGO99915', 'month': '2025-03', 'people_helped': '200', 'events_conducted': '10', 'funds_utilized': '100000.00'}
DEBUG 2025-07-02 00:33:08,865 tasks 70245 8451285120 Job ae525d0e-99b7-4e4b-85d0-f7420332e08e: Row 3 saved successfully
DEBUG 2025-07-02 00:33:08,866 tasks 70245 8451285120 Cache updated for job_id ae525d0e-99b7-4e4b-85d0-f7420332e08e: processing, 3/3
INFO 2025-07-02 00:33:08,866 tasks 70245 8451285120 Temporary file /var/folders/q_/_ft01c313rq_kd43sq7v7fk40000gn/T/tmp0hrbjr3o.csv deleted
DEBUG 2025-07-02 00:33:08,867 tasks 70245 8451285120 Cache updated for job_id ae525d0e-99b7-4e4b-85d0-f7420332e08e: completed, 3/3
INFO 2025-07-02 00:33:08,867 tasks 70245 8451285120 Completed CSV processing for job_id: ae525d0e-99b7-4e4b-85d0-f7420332e08e, status: completed, processed: 3/3, errors: []
DEBUG 2025-07-02 00:33:28,750 views 69886 6129250304 Retrieved job status for job_id ae525d0e-99b7-4e4b-85d0-f7420332e08e: {'status': 'completed', 'processed': 3, 'total': 3, 'errors': []}
INFO 2025-07-02 00:37:49,257 tasks 70245 8451285120 Starting CSV processing for job_id: 1e99d850-ba49-47b3-a564-267b5d68c1de, file_path: /var/folders/q_/_ft01c313rq_kd43sq7v7fk40000gn/T/tmp3ehhi7sr.csv
DEBUG 2025-07-02 00:37:49,260 tasks 70245 8451285120 Cache updated for job_id 1e99d850-ba49-47b3-a564-267b5d68c1de: processing, 0/0
INFO 2025-07-02 00:37:49,260 tasks 70245 8451285120 Total rows to process (excluding header): 2
DEBUG 2025-07-02 00:37:49,261 tasks 70245 8451285120 Cache updated for job_id 1e99d850-ba49-47b3-a564-267b5d68c1de: processing, 0/2
DEBUG 2025-07-02 00:37:49,261 tasks 70245 8451285120 Processing row 1: {'ngo_id': 'NGO34835', 'month': '2025-03', 'people_helped': '150', 'events_conducted': '6', 'funds_utilized': '60000.00'}
DEBUG 2025-07-02 00:37:49,323 tasks 70245 8451285120 Job 1e99d850-ba49-47b3-a564-267b5d68c1de: Row 1 saved successfully
DEBUG 2025-07-02 00:37:49,324 tasks 70245 8451285120 Cache updated for job_id 1e99d850-ba49-47b3-a564-267b5d68c1de: processing, 1/2
DEBUG 2025-07-02 00:37:49,324 tasks 70245 8451285120 Processing row 2: {'ngo_id': 'NGO3436', 'month': '2025-03', 'people_helped': '250', 'events_conducted': '12', 'funds_utilized': '120000.00'}
DEBUG 2025-07-02 00:37:49,327 tasks 70245 8451285120 Job 1e99d850-ba49-47b3-a564-267b5d68c1de: Row 2 saved successfully
DEBUG 2025-07-02 00:37:49,328 tasks 70245 8451285120 Cache updated for job_id 1e99d850-ba49-47b3-a564-267b5d68c1de: processing, 2/2
INFO 2025-07-02 00:37:49,329 tasks 70245 8451285120 Temporary file /var/folders/q_/_ft01c313rq_kd43sq7v7fk40000gn/T/tmp3ehhi7sr.csv deleted
DEBUG 2025-07-02 00:37:49,329 tasks 70245 8451285120 Cache updated for job_id 1e99d850-ba49-47b3-a564-267b5d68c1de: completed, 2/2
INFO 2025-07-02 00:37:49,330 tasks 70245 8451285120 Completed CSV processing for job_id: 1e99d850-ba49-47b3-a564-267b5d68c1de, status: completed, processed: 2/2, errors: []
DEBUG 2025-07-02 00:37:52,262 views 69886 6129250304 Retrieved job status for job_id 1e99d850-ba49-47b3-a564-267b5d68c1de: {'status': 'completed', 'processed': 2, 'total': 2, 'errors': []}
INFO 2025-07-02 00:46:17,403 autoreload 69886 8451285120 /Users/tusharpandole/.pyenv/versions/3.8.17/lib/python3.8/site-packages/django/conf/__init__.py changed, reloading.
INFO 2025-07-02 02:18:17,384 autoreload 78757 8451285120 Watching for file changes with StatReloader
WARNING 2025-07-02 02:18:43,946 log 78757 6169440256 Not Found: /api/health
DEBUG 2025-07-02 02:19:12,374 functional 79511 8451285120 
def xstarmap(task, it):
    return 1

DEBUG 2025-07-02 02:19:12,374 functional 79511 8451285120 
def chord(self, header, body, partial_args=0, interval=1, countdown=2, max_retries=3, eager=4, **kwargs):
    return 1

DEBUG 2025-07-02 02:19:12,374 functional 79511 8451285120 
def accumulate(self, *args, **kwargs):
    return 1

DEBUG 2025-07-02 02:19:12,375 functional 79511 8451285120 
def process_csv_upload(file_path, job_id):
    return 1

DEBUG 2025-07-02 02:19:12,375 functional 79511 8451285120 
def chunks(task, it, n):
    return 1

DEBUG 2025-07-02 02:19:12,375 functional 79511 8451285120 
def unlock_chord(self, group_id, callback, interval=0, max_retries=1, result=2, Result=3, GroupResult=4, result_from_tuple=5, **kwargs):
    return 1

DEBUG 2025-07-02 02:19:12,375 functional 79511 8451285120 
def group(self, tasks, result, group_id, partial_args, add_to_parent=0):
    return 1

DEBUG 2025-07-02 02:19:12,375 functional 79511 8451285120 
def xmap(task, it):
    return 1

DEBUG 2025-07-02 02:19:12,375 functional 79511 8451285120 
def chain(*args, **kwargs):
    return 1

DEBUG 2025-07-02 02:19:12,375 functional 79511 8451285120 
def backend_cleanup():
    return 1

INFO 2025-07-02 02:43:33,829 autoreload 85540 8451285120 Watching for file changes with StatReloader
DEBUG 2025-07-02 02:43:43,684 functional 85810 8451285120 
def xstarmap(task, it):
    return 1

DEBUG 2025-07-02 02:43:43,685 functional 85810 8451285120 
def chord(self, header, body, partial_args=0, interval=1, countdown=2, max_retries=3, eager=4, **kwargs):
    return 1

DEBUG 2025-07-02 02:43:43,685 functional 85810 8451285120 
def accumulate(self, *args, **kwargs):
    return 1

DEBUG 2025-07-02 02:43:43,685 functional 85810 8451285120 
def process_csv_upload(file_path, job_id):
    return 1

DEBUG 2025-07-02 02:43:43,685 functional 85810 8451285120 
def chunks(task, it, n):
    return 1

DEBUG 2025-07-02 02:43:43,685 functional 85810 8451285120 
def unlock_chord(self, group_id, callback, interval=0, max_retries=1, result=2, Result=3, GroupResult=4, result_from_tuple=5, **kwargs):
    return 1

DEBUG 2025-07-02 02:43:43,685 functional 85810 8451285120 
def group(self, tasks, result, group_id, partial_args, add_to_parent=0):
    return 1

DEBUG 2025-07-02 02:43:43,685 functional 85810 8451285120 
def xmap(task, it):
    return 1

DEBUG 2025-07-02 02:43:43,686 functional 85810 8451285120 
def chain(*args, **kwargs):
    return 1

DEBUG 2025-07-02 02:43:43,686 functional 85810 8451285120 
def backend_cleanup():
    return 1

